IQ-TREE multicore version 2.1.4-beta COVID-edition for Linux 64-bit built Jun 24 2021
Developed by Bui Quang Minh, James Barbetti, Nguyen Lam Tung,
Olga Chernomor, Heiko Schmidt, Dominik Schrempf, Michael Woodhams.

Host:    soniali-B550M-AORUS-PRO-P (AVX2, FMA3, 125 GB RAM)
Command: iqtree -s FR.1.1_EG.5.1.1_masked_left.fasta -bb 1000 -alrt 1000 -o Reference
Seed:    181888 (Using SPRNG - Scalable Parallel Random Number Generator)
Time:    Tue May  7 19:32:11 2024
Kernel:  AVX+FMA - 1 threads (24 CPU cores detected)

HINT: Use -nt option to specify number of threads because your CPU has 24 cores!
HINT: -nt AUTO will automatically determine the best number of threads to use.

Reading alignment file FR.1.1_EG.5.1.1_masked_left.fasta ... Fasta format detected
Alignment most likely contains DNA/RNA sequences
WARNING: 7274 sites contain only gaps or ambiguous characters.
Alignment has 11 sequences with 29903 columns, 57 distinct patterns
51 parsimony-informative, 42 singleton sites, 29810 constant sites
                           Gap/Ambiguity  Composition  p-value
   1  EPI_ISL_18114672_EG.5.1.1   24.40%    passed     99.99%
   2  EPI_ISL_18105651_EG.5.1.1   24.48%    passed     99.99%
   3  EPI_ISL_18401744_XCN        24.47%    passed    100.00%
   4  EPI_ISL_18289815_XCN        24.47%    passed     99.97%
   5  EPI_ISL_18289774_XCN        24.46%    passed     99.99%
   6  EPI_ISL_18284946_XCN        24.47%    passed     99.99%
   7  EPI_ISL_18105656_XCN        24.47%    passed     99.97%
   8  EPI_ISL_18289734_XCN        24.49%    passed     99.95%
   9  EPI_ISL_18105577_FR.1.1     24.47%    passed    100.00%
  10  EPI_ISL_18074780_FR.1.1     24.47%    passed    100.00%
  11  Reference                   24.33%    passed     97.60%
****  TOTAL                       24.45%  0 sequences failed composition chi2 test (p-value<5%; df=3)


Create initial parsimony tree by phylogenetic likelihood library (PLL)... 0.000 seconds
Perform fast likelihood tree search using GTR+I+G model...
Estimate model parameters (epsilon = 5.000)

WARNING: Estimated model parameters are at boundary that can cause numerical instability!

Perform nearest neighbor interchange...
Estimate model parameters (epsilon = 1.000)
1. Initial log-likelihood: -31443.785
Optimal log-likelihood: -31443.757
Rate parameters:  A-C: 9.38277  A-G: 53.74408  A-T: 1.81462  C-G: 19.47600  C-T: 100.00000  G-T: 1.00000
Base frequencies:  A: 0.300  C: 0.176  G: 0.198  T: 0.326
Proportion of invariable sites: 0.498
Gamma shape alpha: 0.020
Parameters optimization took 1 rounds (0.001 sec)

WARNING: Estimated model parameters are at boundary that can cause numerical instability!

Time for fast ML tree search: 0.008 seconds

NOTE: ModelFinder requires 0 MB RAM!
ModelFinder will test up to 286 DNA models (sample size: 29903) ...
 No. Model         -LnL         df  AIC          AICc         BIC
  1  GTR+F         31445.266    27  62944.532    62944.583    63168.786
  2  GTR+F+I       31443.599    28  62943.198    62943.252    63175.758
  3  GTR+F+G4      31444.051    28  62944.102    62944.156    63176.662
  4  GTR+F+I+G4    31443.703    29  62945.405    62945.463    63186.271
  5  GTR+F+R2      31444.879    29  62947.759    62947.817    63188.624
  6  GTR+F+R3      31444.771    31  62951.543    62951.609    63209.020
 14  SYM           32202.603    24  64453.206    64453.246    64652.543
 15  SYM+I         32201.316    25  64452.631    64452.675    64660.274
 16  SYM+G4        32201.801    25  64453.602    64453.645    64661.244
 27  TVM+F         31450.224    26  62952.449    62952.496    63168.397
 28  TVM+F+I       31448.520    27  62951.041    62951.091    63175.295
 29  TVM+F+G4      31449.006    27  62952.011    62952.062    63176.266
 40  TVMe          32207.397    23  64460.794    64460.831    64651.826
 41  TVMe+I        32205.707    24  64459.413    64459.454    64658.751
 42  TVMe+G4       32206.220    24  64460.440    64460.480    64659.777
 53  TIM3+F        31443.136    25  62936.273    62936.316    63143.916
 54  TIM3+F+I      31441.632    26  62935.264    62935.311    63151.213
 55  TIM3+F+G4     31442.000    26  62935.999    62936.046    63151.948
 66  TIM3e         32201.064    22  64446.128    64446.162    64628.853
 67  TIM3e+I       32199.435    23  64444.869    64444.906    64635.900
 68  TIM3e+G4      32199.877    23  64445.755    64445.792    64636.786
 79  TIM2+F        31443.503    25  62937.007    62937.050    63144.650
 80  TIM2+F+I      31442.109    26  62936.219    62936.266    63152.167
 81  TIM2+F+G4     31442.415    26  62936.830    62936.877    63152.778
 92  TIM2e         32200.006    22  64444.013    64444.047    64626.739
 93  TIM2e+I       32198.511    23  64443.021    64443.058    64634.052
 94  TIM2e+G4      32198.884    23  64443.768    64443.805    64634.800
105  TIM+F         31443.056    25  62936.113    62936.156    63143.756
106  TIM+F+I       31441.634    26  62935.267    62935.314    63151.216
107  TIM+F+G4      31441.950    26  62935.899    62935.946    63151.848
118  TIMe          32199.707    22  64443.415    64443.449    64626.141
119  TIMe+I        32198.175    23  64442.350    64442.387    64633.382
120  TIMe+G4       32198.562    23  64443.124    64443.161    64634.155
131  TPM3u+F       31447.187    24  62942.374    62942.414    63141.711
132  TPM3u+F+I     31445.750    25  62941.501    62941.544    63149.144
133  TPM3u+F+G4    31446.068    25  62942.136    62942.180    63149.779
144  TPM3+F        31447.172    24  62942.344    62942.384    63141.681
145  TPM3+F+I      31445.741    25  62941.482    62941.525    63149.125
146  TPM3+F+G4     31446.058    25  62942.117    62942.160    63149.760
157  TPM2u+F       31448.500    24  62945.000    62945.040    63144.337
158  TPM2u+F+I     31447.038    25  62944.076    62944.119    63151.718
159  TPM2u+F+G4    31447.390    25  62944.780    62944.824    63152.423
170  TPM2+F        31448.500    24  62945.000    62945.040    63144.337
171  TPM2+F+I      31447.038    25  62944.076    62944.119    63151.718
172  TPM2+F+G4     31447.390    25  62944.780    62944.824    63152.423
183  K3Pu+F        31447.887    24  62943.774    62943.814    63143.111
184  K3Pu+F+I      31446.411    25  62942.821    62942.865    63150.464
185  K3Pu+F+G4     31446.776    25  62943.553    62943.596    63151.196
196  K3P           32203.900    21  64449.800    64449.830    64624.220
197  K3P+I         32202.392    22  64448.784    64448.818    64631.510
198  K3P+G4        32202.792    22  64449.583    64449.617    64632.309
209  TN+F          31443.981    24  62935.962    62936.002    63135.299
210  TN+F+I        31442.589    25  62935.178    62935.221    63142.821
211  TN+F+G4       31442.861    25  62935.722    62935.766    63143.365
222  TNe           32200.108    21  64442.216    64442.247    64616.636
223  TNe+I         32198.646    22  64441.292    64441.326    64624.018
224  TNe+G4        32198.990    22  64441.981    64442.014    64624.706
235  HKY+F         31449.010    23  62944.021    62944.058    63135.052
236  HKY+F+I       31447.507    24  62943.014    62943.054    63142.351
237  HKY+F+G4      31447.838    24  62943.677    62943.717    63143.014
248  K2P           32204.586    20  64449.172    64449.200    64615.287
249  K2P+I         32203.069    21  64448.139    64448.170    64622.559
250  K2P+G4        32203.452    21  64448.904    64448.935    64623.324
261  F81+F         31508.479    22  63060.958    63060.992    63243.683
262  F81+F+I       31507.308    23  63060.616    63060.653    63251.648
263  F81+F+G4      31507.480    23  63060.960    63060.997    63251.991
274  JC            32260.748    19  64559.497    64559.522    64717.305
275  JC+I          32259.540    20  64559.079    64559.107    64725.193
276  JC+G4         32259.733    20  64559.466    64559.494    64725.580
Akaike Information Criterion:           TN+F+I
Corrected Akaike Information Criterion: TN+F+I
Bayesian Information Criterion:         HKY+F
Best-fit model: HKY+F chosen according to BIC

All model information printed to FR.1.1_EG.5.1.1_masked_left.fasta.model.gz
CPU time for ModelFinder: 0.102 seconds (0h:0m:0s)
Wall-clock time for ModelFinder: 0.102 seconds (0h:0m:0s)
Generating 1000 samples for ultrafast bootstrap (seed: 181888)...

NOTE: 0 MB RAM (0 GB) is required!
Estimate model parameters (epsilon = 0.100)
1. Initial log-likelihood: -31449.010
Optimal log-likelihood: -31448.970
Rate parameters:  A-C: 1.00000  A-G: 11.22100  A-T: 1.00000  C-G: 1.00000  C-T: 11.22100  G-T: 1.00000
Base frequencies:  A: 0.300  C: 0.176  G: 0.198  T: 0.326
Parameters optimization took 1 rounds (0.000 sec)
Computing ML distances based on estimated model parameters...
Computing ML distances took 0.000205 sec (of wall-clock time) 0.000208 sec(of CPU time)
Computing RapidNJ tree took 0.000046 sec (of wall-clock time) 0.000046 sec (of CPU time)
Log-likelihood of RapidNJ tree: -31449.129
--------------------------------------------------------------------
|             INITIALIZING CANDIDATE TREE SET                      |
--------------------------------------------------------------------
Generating 98 parsimony trees... 0.014 second
Computing log-likelihood of 97 initial trees ... 0.011 seconds
Current best score: -31448.970

Do NNI search on 20 best initial trees
Estimate model parameters (epsilon = 0.100)
BETTER TREE FOUND at iteration 1: -31448.938
BETTER TREE FOUND at iteration 2: -31448.938
BETTER TREE FOUND at iteration 3: -31448.938
BETTER TREE FOUND at iteration 6: -31448.938
BETTER TREE FOUND at iteration 7: -31448.938
Iteration 10 / LogL: -31448.938 / Time: 0h:0m:0s
Iteration 20 / LogL: -31448.938 / Time: 0h:0m:0s
Finish initializing candidate tree set (15)
Current best tree score: -31448.938 / CPU time: 0.042
Number of iterations: 20
--------------------------------------------------------------------
|               OPTIMIZING CANDIDATE TREE SET                      |
--------------------------------------------------------------------
UPDATE BEST LOG-LIKELIHOOD: -31448.938
UPDATE BEST LOG-LIKELIHOOD: -31448.938
Iteration 30 / LogL: -31448.938 / Time: 0h:0m:0s (0h:0m:0s left)
UPDATE BEST LOG-LIKELIHOOD: -31448.938
Iteration 40 / LogL: -31448.938 / Time: 0h:0m:0s (0h:0m:0s left)
UPDATE BEST LOG-LIKELIHOOD: -31448.938
Iteration 50 / LogL: -31448.938 / Time: 0h:0m:0s (0h:0m:0s left)
Log-likelihood cutoff on original alignment: -31480.408
Iteration 60 / LogL: -31448.977 / Time: 0h:0m:0s (0h:0m:0s left)
Iteration 70 / LogL: -31448.938 / Time: 0h:0m:0s (0h:0m:0s left)
BETTER TREE FOUND at iteration 71: -31448.938
UPDATE BEST LOG-LIKELIHOOD: -31448.938
Iteration 80 / LogL: -31448.938 / Time: 0h:0m:0s (0h:0m:0s left)
Iteration 90 / LogL: -31448.938 / Time: 0h:0m:0s (0h:0m:0s left)
Iteration 100 / LogL: -31448.963 / Time: 0h:0m:0s (0h:0m:0s left)
Log-likelihood cutoff on original alignment: -31480.462
NOTE: Bootstrap correlation coefficient of split occurrence frequencies: 0.952
NOTE: UFBoot does not converge, continue at least 100 more iterations
UPDATE BEST LOG-LIKELIHOOD: -31448.938
UPDATE BEST LOG-LIKELIHOOD: -31448.938
Iteration 110 / LogL: -31448.977 / Time: 0h:0m:0s (0h:0m:0s left)
Iteration 120 / LogL: -31448.938 / Time: 0h:0m:0s (0h:0m:0s left)
Iteration 130 / LogL: -31448.973 / Time: 0h:0m:0s (0h:0m:0s left)
Iteration 140 / LogL: -31448.938 / Time: 0h:0m:0s (0h:0m:0s left)
Iteration 150 / LogL: -31448.938 / Time: 0h:0m:0s (0h:0m:0s left)
Log-likelihood cutoff on original alignment: -31480.409
Iteration 160 / LogL: -31448.969 / Time: 0h:0m:0s (0h:0m:0s left)
Iteration 170 / LogL: -31448.938 / Time: 0h:0m:0s (0h:0m:0s left)
UPDATE BEST LOG-LIKELIHOOD: -31448.938
Iteration 180 / LogL: -31448.938 / Time: 0h:0m:0s (0h:0m:0s left)
Iteration 190 / LogL: -31448.978 / Time: 0h:0m:0s (0h:0m:0s left)
Iteration 200 / LogL: -31448.938 / Time: 0h:0m:0s (0h:0m:0s left)
Log-likelihood cutoff on original alignment: -31480.408
NOTE: Bootstrap correlation coefficient of split occurrence frequencies: 0.969
NOTE: UFBoot does not converge, continue at least 100 more iterations
Iteration 210 / LogL: -31448.938 / Time: 0h:0m:0s (0h:0m:0s left)
UPDATE BEST LOG-LIKELIHOOD: -31448.938
Iteration 220 / LogL: -31448.964 / Time: 0h:0m:0s (0h:0m:0s left)
Iteration 230 / LogL: -31448.938 / Time: 0h:0m:0s (0h:0m:0s left)
Iteration 240 / LogL: -31448.938 / Time: 0h:0m:1s (0h:0m:0s left)
Iteration 250 / LogL: -31448.979 / Time: 0h:0m:1s (0h:0m:0s left)
Log-likelihood cutoff on original alignment: -31470.653
Iteration 260 / LogL: -31449.021 / Time: 0h:0m:1s (0h:0m:0s left)
UPDATE BEST LOG-LIKELIHOOD: -31448.938
Iteration 270 / LogL: -31448.938 / Time: 0h:0m:1s (0h:0m:0s left)
Iteration 280 / LogL: -31448.938 / Time: 0h:0m:1s (0h:0m:0s left)
UPDATE BEST LOG-LIKELIHOOD: -31448.938
Iteration 290 / LogL: -31448.978 / Time: 0h:0m:1s (0h:0m:0s left)
UPDATE BEST LOG-LIKELIHOOD: -31448.938
Iteration 300 / LogL: -31448.938 / Time: 0h:0m:1s (0h:0m:0s left)
Log-likelihood cutoff on original alignment: -31470.653
NOTE: Bootstrap correlation coefficient of split occurrence frequencies: 0.971
NOTE: UFBoot does not converge, continue at least 100 more iterations
Iteration 310 / LogL: -31448.938 / Time: 0h:0m:1s (0h:0m:0s left)
Iteration 320 / LogL: -31448.938 / Time: 0h:0m:1s (0h:0m:0s left)
Iteration 330 / LogL: -31448.938 / Time: 0h:0m:1s (0h:0m:0s left)
UPDATE BEST LOG-LIKELIHOOD: -31448.938
UPDATE BEST LOG-LIKELIHOOD: -31448.938
Iteration 340 / LogL: -31448.938 / Time: 0h:0m:1s (0h:0m:0s left)
Iteration 350 / LogL: -31448.938 / Time: 0h:0m:1s (0h:0m:0s left)
Log-likelihood cutoff on original alignment: -31470.653
UPDATE BEST LOG-LIKELIHOOD: -31448.938
Iteration 360 / LogL: -31448.938 / Time: 0h:0m:1s (0h:0m:0s left)
UPDATE BEST LOG-LIKELIHOOD: -31448.938
Iteration 370 / LogL: -31448.938 / Time: 0h:0m:1s (0h:0m:0s left)
UPDATE BEST LOG-LIKELIHOOD: -31448.938
Iteration 380 / LogL: -31448.938 / Time: 0h:0m:1s (0h:0m:0s left)
UPDATE BEST LOG-LIKELIHOOD: -31448.938
Iteration 390 / LogL: -31448.938 / Time: 0h:0m:1s (0h:0m:0s left)
UPDATE BEST LOG-LIKELIHOOD: -31448.938
Iteration 400 / LogL: -31448.938 / Time: 0h:0m:1s (0h:0m:0s left)
Log-likelihood cutoff on original alignment: -31470.653
NOTE: Bootstrap correlation coefficient of split occurrence frequencies: 0.971
NOTE: UFBoot does not converge, continue at least 100 more iterations
UPDATE BEST LOG-LIKELIHOOD: -31448.938
Iteration 410 / LogL: -31448.938 / Time: 0h:0m:1s (0h:0m:0s left)
Iteration 420 / LogL: -31448.938 / Time: 0h:0m:1s (0h:0m:0s left)
Iteration 430 / LogL: -31448.938 / Time: 0h:0m:1s (0h:0m:0s left)
Iteration 440 / LogL: -31448.987 / Time: 0h:0m:2s (0h:0m:0s left)
UPDATE BEST LOG-LIKELIHOOD: -31448.938
Iteration 450 / LogL: -31448.938 / Time: 0h:0m:2s (0h:0m:0s left)
Log-likelihood cutoff on original alignment: -31470.653
Iteration 460 / LogL: -31448.938 / Time: 0h:0m:2s (0h:0m:0s left)
BETTER TREE FOUND at iteration 464: -31448.938
Iteration 470 / LogL: -31448.938 / Time: 0h:0m:2s (0h:0m:0s left)
Iteration 480 / LogL: -31448.938 / Time: 0h:0m:2s (0h:0m:0s left)
UPDATE BEST LOG-LIKELIHOOD: -31448.938
Iteration 490 / LogL: -31448.938 / Time: 0h:0m:2s (0h:0m:0s left)
Iteration 500 / LogL: -31448.938 / Time: 0h:0m:2s (0h:0m:0s left)
Log-likelihood cutoff on original alignment: -31470.653
NOTE: Bootstrap correlation coefficient of split occurrence frequencies: 0.937
NOTE: UFBoot does not converge, continue at least 100 more iterations
Iteration 510 / LogL: -31448.938 / Time: 0h:0m:2s (0h:0m:0s left)
Iteration 520 / LogL: -31449.006 / Time: 0h:0m:2s (0h:0m:0s left)
Iteration 530 / LogL: -31448.938 / Time: 0h:0m:2s (0h:0m:0s left)
Iteration 540 / LogL: -31448.938 / Time: 0h:0m:2s (0h:0m:0s left)
Iteration 550 / LogL: -31448.938 / Time: 0h:0m:2s (0h:0m:0s left)
Log-likelihood cutoff on original alignment: -31470.653
Iteration 560 / LogL: -31448.938 / Time: 0h:0m:2s (0h:0m:0s left)
Iteration 570 / LogL: -31448.938 / Time: 0h:0m:2s (0h:0m:0s left)
Iteration 580 / LogL: -31448.938 / Time: 0h:0m:2s (0h:0m:0s left)
Iteration 590 / LogL: -31448.969 / Time: 0h:0m:2s (0h:0m:0s left)
Iteration 600 / LogL: -31448.938 / Time: 0h:0m:2s (0h:0m:0s left)
Log-likelihood cutoff on original alignment: -31470.653
NOTE: Bootstrap correlation coefficient of split occurrence frequencies: 0.922
NOTE: UFBoot does not converge, continue at least 100 more iterations
UPDATE BEST LOG-LIKELIHOOD: -31448.938
Iteration 610 / LogL: -31448.938 / Time: 0h:0m:2s (0h:0m:0s left)
Iteration 620 / LogL: -31448.938 / Time: 0h:0m:3s (0h:0m:0s left)
Iteration 630 / LogL: -31448.938 / Time: 0h:0m:3s (0h:0m:0s left)
Iteration 640 / LogL: -31448.938 / Time: 0h:0m:3s (0h:0m:0s left)
Iteration 650 / LogL: -31448.938 / Time: 0h:0m:3s (0h:0m:0s left)
Log-likelihood cutoff on original alignment: -31470.653
UPDATE BEST LOG-LIKELIHOOD: -31448.938
Iteration 660 / LogL: -31448.938 / Time: 0h:0m:3s (0h:0m:0s left)
Iteration 670 / LogL: -31449.001 / Time: 0h:0m:3s (0h:0m:0s left)
Iteration 680 / LogL: -31448.938 / Time: 0h:0m:3s (0h:0m:0s left)
Iteration 690 / LogL: -31448.977 / Time: 0h:0m:3s (0h:0m:0s left)
Iteration 700 / LogL: -31448.938 / Time: 0h:0m:3s (0h:0m:0s left)
Log-likelihood cutoff on original alignment: -31470.653
NOTE: Bootstrap correlation coefficient of split occurrence frequencies: 0.969
NOTE: UFBoot does not converge, continue at least 100 more iterations
UPDATE BEST LOG-LIKELIHOOD: -31448.938
Iteration 710 / LogL: -31448.938 / Time: 0h:0m:3s (0h:0m:0s left)
Iteration 720 / LogL: -31448.938 / Time: 0h:0m:3s (0h:0m:0s left)
Iteration 730 / LogL: -31448.938 / Time: 0h:0m:3s (0h:0m:0s left)
Iteration 740 / LogL: -31448.961 / Time: 0h:0m:3s (0h:0m:0s left)
Iteration 750 / LogL: -31448.938 / Time: 0h:0m:3s (0h:0m:0s left)
Log-likelihood cutoff on original alignment: -31470.653
Iteration 760 / LogL: -31448.982 / Time: 0h:0m:3s (0h:0m:0s left)
Iteration 770 / LogL: -31448.938 / Time: 0h:0m:3s (0h:0m:0s left)
Iteration 780 / LogL: -31448.938 / Time: 0h:0m:3s (0h:0m:0s left)
Iteration 790 / LogL: -31448.938 / Time: 0h:0m:3s (0h:0m:0s left)
Iteration 800 / LogL: -31448.981 / Time: 0h:0m:4s (0h:0m:0s left)
Log-likelihood cutoff on original alignment: -31470.653
NOTE: Bootstrap correlation coefficient of split occurrence frequencies: 0.979
NOTE: UFBoot does not converge, continue at least 100 more iterations
Iteration 810 / LogL: -31448.938 / Time: 0h:0m:4s (0h:0m:0s left)
Iteration 820 / LogL: -31448.938 / Time: 0h:0m:4s (0h:0m:0s left)
Iteration 830 / LogL: -31448.938 / Time: 0h:0m:4s (0h:0m:0s left)
Iteration 840 / LogL: -31448.978 / Time: 0h:0m:4s (0h:0m:0s left)
Iteration 850 / LogL: -31448.938 / Time: 0h:0m:4s (0h:0m:0s left)
Log-likelihood cutoff on original alignment: -31470.653
Iteration 860 / LogL: -31449.000 / Time: 0h:0m:4s (0h:0m:0s left)
Iteration 870 / LogL: -31448.938 / Time: 0h:0m:4s (0h:0m:0s left)
Iteration 880 / LogL: -31448.978 / Time: 0h:0m:4s (0h:0m:0s left)
Iteration 890 / LogL: -31448.938 / Time: 0h:0m:4s (0h:0m:0s left)
Iteration 900 / LogL: -31448.938 / Time: 0h:0m:4s (0h:0m:0s left)
Log-likelihood cutoff on original alignment: -31470.653
NOTE: Bootstrap correlation coefficient of split occurrence frequencies: 0.991
TREE SEARCH COMPLETED AFTER 900 ITERATIONS / Time: 0h:0m:4s

--------------------------------------------------------------------
|                    FINALIZING TREE SEARCH                        |
--------------------------------------------------------------------
Performs final model parameters optimization
Estimate model parameters (epsilon = 0.010)
1. Initial log-likelihood: -31448.938
2. Current log-likelihood: -31448.913
3. Current log-likelihood: -31448.893
4. Current log-likelihood: -31448.877
5. Current log-likelihood: -31448.864
6. Current log-likelihood: -31448.854
Optimal log-likelihood: -31448.845
Rate parameters:  A-C: 1.00000  A-G: 12.15963  A-T: 1.00000  C-G: 1.00000  C-T: 12.15963  G-T: 1.00000
Base frequencies:  A: 0.300  C: 0.176  G: 0.198  T: 0.326
Parameters optimization took 6 rounds (0.001 sec)
BEST SCORE FOUND : -31448.845

Testing tree branches by SH-like aLRT with 1000 replicates...
0.029 sec.
Creating bootstrap support values...
Split supports printed to NEXUS file FR.1.1_EG.5.1.1_masked_left.fasta.splits.nex
Total tree length: 0.004

Total number of iterations: 900
CPU time used for tree search: 4.796 sec (0h:0m:4s)
Wall-clock time used for tree search: 4.645 sec (0h:0m:4s)
Total CPU time used: 4.856 sec (0h:0m:4s)
Total wall-clock time used: 4.705 sec (0h:0m:4s)

Computing bootstrap consensus tree...
Reading input file FR.1.1_EG.5.1.1_masked_left.fasta.splits.nex...
11 taxa and 70 splits.
Consensus tree written to FR.1.1_EG.5.1.1_masked_left.fasta.contree
Reading input trees file FR.1.1_EG.5.1.1_masked_left.fasta.contree
Log-likelihood of consensus tree: -31448.959

Analysis results written to: 
  IQ-TREE report:                FR.1.1_EG.5.1.1_masked_left.fasta.iqtree
  Maximum-likelihood tree:       FR.1.1_EG.5.1.1_masked_left.fasta.treefile
  Likelihood distances:          FR.1.1_EG.5.1.1_masked_left.fasta.mldist

Ultrafast bootstrap approximation results written to:
  Split support values:          FR.1.1_EG.5.1.1_masked_left.fasta.splits.nex
  Consensus tree:                FR.1.1_EG.5.1.1_masked_left.fasta.contree
  Screen log file:               FR.1.1_EG.5.1.1_masked_left.fasta.log

Date and Time: Tue May  7 19:32:16 2024
